<?xml version="1.0" encoding="UTF-8"?>
<testsuite name="com.pingpals.pingpals.PingpalsApplicationTests" tests="1" skipped="0" failures="0" errors="0" timestamp="2024-10-27T13:01:17" hostname="MacBookPro.communityfibre.co.uk" time="0.665">
  <properties/>
  <testcase name="contextLoads()" classname="com.pingpals.pingpals.PingpalsApplicationTests" time="0.665"/>
  <system-out><![CDATA[Standard Commons Logging discovery in action with spring-jcl: please remove commons-logging.jar from classpath in order to avoid potential conflicts
13:01:15.170 [Test worker] INFO org.springframework.test.context.support.AnnotationConfigContextLoaderUtils -- Could not detect default configuration classes for test class [com.pingpals.pingpals.PingpalsApplicationTests]: PingpalsApplicationTests does not declare any static, non-private, non-final, nested classes annotated with @Configuration.
13:01:15.240 [Test worker] INFO org.springframework.boot.test.context.SpringBootTestContextBootstrapper -- Found @SpringBootConfiguration com.pingpals.pingpals.PingpalsApplication for test class com.pingpals.pingpals.PingpalsApplicationTests

  .   ____          _            __ _ _
 /\\ / ___'_ __ _ _(_)_ __  __ _ \ \ \ \
( ( )\___ | '_ | '_| | '_ \/ _` | \ \ \ \
 \\/  ___)| |_)| | | | | || (_| |  ) ) ) )
  '  |____| .__|_| |_|_| |_\__, | / / / /
 =========|_|==============|___/=/_/_/_/
 :: Spring Boot ::                (v3.1.5)

2024-10-27T13:01:15.601Z  INFO 63900 --- [    Test worker] c.p.pingpals.PingpalsApplicationTests    : Starting PingpalsApplicationTests using Java 17.0.9 with PID 63900 (started by nethmadesilva in /Users/nethmadesilva/Desktop/Projects/PingPals/PingPalsNethma/server)
2024-10-27T13:01:15.604Z  INFO 63900 --- [    Test worker] c.p.pingpals.PingpalsApplicationTests    : No active profile set, falling back to 1 default profile: "default"
2024-10-27T13:01:16.143Z  INFO 63900 --- [    Test worker] .s.d.r.c.RepositoryConfigurationDelegate : Bootstrapping Spring Data MongoDB repositories in DEFAULT mode.
2024-10-27T13:01:16.185Z  INFO 63900 --- [    Test worker] .s.d.r.c.RepositoryConfigurationDelegate : Finished Spring Data repository scanning in 38 ms. Found 4 MongoDB repository interfaces.
2024-10-27T13:01:16.602Z  INFO 63900 --- [0mr.mongodb.net] org.mongodb.driver.cluster               : Adding discovered server cluster-0-shard-00-00.us0mr.mongodb.net:27017 to client view of cluster
2024-10-27T13:01:16.607Z  INFO 63900 --- [    Test worker] org.mongodb.driver.client                : MongoClient with metadata {"driver": {"name": "mongo-java-driver|sync|spring-boot", "version": "4.9.1"}, "os": {"type": "Darwin", "name": "Mac OS X", "architecture": "aarch64", "version": "15.0.1"}, "platform": "Java/JetBrains s.r.o./17.0.9+8-b1166.2", "application": {"name": "cluster-0"}} created with settings MongoClientSettings{readPreference=primary, writeConcern=WriteConcern{w=majority, wTimeout=null ms, journal=null}, retryWrites=true, retryReads=true, readConcern=ReadConcern{level=null}, credential=MongoCredential{mechanism=null, userName='kulatungegeeneth', source='admin', password=<hidden>, mechanismProperties=<hidden>}, streamFactoryFactory=null, commandListeners=[], codecRegistry=ProvidersCodecRegistry{codecProviders=[ValueCodecProvider{}, BsonValueCodecProvider{}, DBRefCodecProvider{}, DBObjectCodecProvider{}, DocumentCodecProvider{}, CollectionCodecProvider{}, IterableCodecProvider{}, MapCodecProvider{}, GeoJsonCodecProvider{}, GridFSFileCodecProvider{}, Jsr310CodecProvider{}, JsonObjectCodecProvider{}, BsonCodecProvider{}, EnumCodecProvider{}, com.mongodb.client.model.mql.ExpressionCodecProvider@474749b8, com.mongodb.Jep395RecordCodecProvider@740a0d5e]}, loggerSettings=LoggerSettings{maxDocumentLength=1000}, clusterSettings={hosts=[127.0.0.1:27017], srvHost=cluster-0.us0mr.mongodb.net, srvServiceName=mongodb, mode=MULTIPLE, requiredClusterType=REPLICA_SET, requiredReplicaSetName='atlas-63ct7a-shard-0', serverSelector='null', clusterListeners='[]', serverSelectionTimeout='30000 ms', localThreshold='30000 ms'}, socketSettings=SocketSettings{connectTimeoutMS=10000, readTimeoutMS=0, receiveBufferSize=0, sendBufferSize=0}, heartbeatSocketSettings=SocketSettings{connectTimeoutMS=10000, readTimeoutMS=10000, receiveBufferSize=0, sendBufferSize=0}, connectionPoolSettings=ConnectionPoolSettings{maxSize=100, minSize=0, maxWaitTimeMS=120000, maxConnectionLifeTimeMS=0, maxConnectionIdleTimeMS=0, maintenanceInitialDelayMS=0, maintenanceFrequencyMS=60000, connectionPoolListeners=[], maxConnecting=2}, serverSettings=ServerSettings{heartbeatFrequencyMS=10000, minHeartbeatFrequencyMS=500, serverListeners='[]', serverMonitorListeners='[]'}, sslSettings=SslSettings{enabled=true, invalidHostNameAllowed=false, context=null}, applicationName='cluster-0', compressorList=[], uuidRepresentation=JAVA_LEGACY, serverApi=null, autoEncryptionSettings=null, contextProvider=null}
2024-10-27T13:01:16.634Z  INFO 63900 --- [0mr.mongodb.net] org.mongodb.driver.cluster               : Adding discovered server cluster-0-shard-00-01.us0mr.mongodb.net:27017 to client view of cluster
2024-10-27T13:01:16.636Z  INFO 63900 --- [0mr.mongodb.net] org.mongodb.driver.cluster               : Adding discovered server cluster-0-shard-00-02.us0mr.mongodb.net:27017 to client view of cluster
2024-10-27T13:01:17.415Z  INFO 63900 --- [    Test worker] o.s.s.web.DefaultSecurityFilterChain     : Will secure any request with [org.springframework.security.web.session.DisableEncodeUrlFilter@625264ed, org.springframework.security.web.context.request.async.WebAsyncManagerIntegrationFilter@559fd5ec, org.springframework.security.web.context.SecurityContextHolderFilter@2086d469, org.springframework.security.web.header.HeaderWriterFilter@5cffec7, org.springframework.security.web.authentication.logout.LogoutFilter@20027c44, com.pingpals.pingpals.Security.JwtAuthenticationFilter@bb12f41, org.springframework.security.web.savedrequest.RequestCacheAwareFilter@17c53dfb, org.springframework.security.web.servletapi.SecurityContextHolderAwareRequestFilter@53dba9cd, org.springframework.security.web.authentication.AnonymousAuthenticationFilter@708dfe10, org.springframework.security.web.session.SessionManagementFilter@77bb916f, org.springframework.security.web.access.ExceptionTranslationFilter@6b126187, org.springframework.security.web.access.intercept.AuthorizationFilter@6c6379c]
2024-10-27T13:01:17.479Z  INFO 63900 --- [ngodb.net:27017] org.mongodb.driver.cluster               : Monitor thread successfully connected to server with description ServerDescription{address=cluster-0-shard-00-01.us0mr.mongodb.net:27017, type=REPLICA_SET_PRIMARY, state=CONNECTED, ok=true, minWireVersion=0, maxWireVersion=21, maxDocumentSize=16777216, logicalSessionTimeoutMinutes=30, roundTripTimeNanos=406793708, setName='atlas-63ct7a-shard-0', canonicalAddress=cluster-0-shard-00-01.us0mr.mongodb.net:27017, hosts=[cluster-0-shard-00-00.us0mr.mongodb.net:27017, cluster-0-shard-00-02.us0mr.mongodb.net:27017, cluster-0-shard-00-01.us0mr.mongodb.net:27017], passives=[], arbiters=[], primary='cluster-0-shard-00-01.us0mr.mongodb.net:27017', tagSet=TagSet{[Tag{name='availabilityZone', value='use1-az4'}, Tag{name='diskState', value='READY'}, Tag{name='nodeType', value='ELECTABLE'}, Tag{name='provider', value='AWS'}, Tag{name='region', value='US_EAST_1'}, Tag{name='workloadType', value='OPERATIONAL'}]}, electionId=7fffffff000000000000016b, setVersion=122, topologyVersion=TopologyVersion{processId=671404e1033376fa251ca6bd, counter=6}, lastWriteDate=Sun Oct 27 13:01:17 GMT 2024, lastUpdateTimeNanos=152404318704125}
2024-10-27T13:01:17.479Z  INFO 63900 --- [ngodb.net:27017] org.mongodb.driver.cluster               : Monitor thread successfully connected to server with description ServerDescription{address=cluster-0-shard-00-00.us0mr.mongodb.net:27017, type=REPLICA_SET_SECONDARY, state=CONNECTED, ok=true, minWireVersion=0, maxWireVersion=21, maxDocumentSize=16777216, logicalSessionTimeoutMinutes=30, roundTripTimeNanos=406785542, setName='atlas-63ct7a-shard-0', canonicalAddress=cluster-0-shard-00-00.us0mr.mongodb.net:27017, hosts=[cluster-0-shard-00-00.us0mr.mongodb.net:27017, cluster-0-shard-00-02.us0mr.mongodb.net:27017, cluster-0-shard-00-01.us0mr.mongodb.net:27017], passives=[], arbiters=[], primary='cluster-0-shard-00-01.us0mr.mongodb.net:27017', tagSet=TagSet{[Tag{name='availabilityZone', value='use1-az2'}, Tag{name='diskState', value='READY'}, Tag{name='nodeType', value='ELECTABLE'}, Tag{name='provider', value='AWS'}, Tag{name='region', value='US_EAST_1'}, Tag{name='workloadType', value='OPERATIONAL'}]}, electionId=null, setVersion=122, topologyVersion=TopologyVersion{processId=671405f6f766a223a1249ba0, counter=4}, lastWriteDate=Sun Oct 27 13:01:17 GMT 2024, lastUpdateTimeNanos=152404318704875}
2024-10-27T13:01:17.479Z  INFO 63900 --- [ngodb.net:27017] org.mongodb.driver.cluster               : Monitor thread successfully connected to server with description ServerDescription{address=cluster-0-shard-00-02.us0mr.mongodb.net:27017, type=REPLICA_SET_SECONDARY, state=CONNECTED, ok=true, minWireVersion=0, maxWireVersion=21, maxDocumentSize=16777216, logicalSessionTimeoutMinutes=30, roundTripTimeNanos=406802875, setName='atlas-63ct7a-shard-0', canonicalAddress=cluster-0-shard-00-02.us0mr.mongodb.net:27017, hosts=[cluster-0-shard-00-00.us0mr.mongodb.net:27017, cluster-0-shard-00-02.us0mr.mongodb.net:27017, cluster-0-shard-00-01.us0mr.mongodb.net:27017], passives=[], arbiters=[], primary='cluster-0-shard-00-01.us0mr.mongodb.net:27017', tagSet=TagSet{[Tag{name='availabilityZone', value='use1-az6'}, Tag{name='diskState', value='READY'}, Tag{name='nodeType', value='ELECTABLE'}, Tag{name='provider', value='AWS'}, Tag{name='region', value='US_EAST_1'}, Tag{name='workloadType', value='OPERATIONAL'}]}, electionId=null, setVersion=122, topologyVersion=TopologyVersion{processId=6714072f08e16279f25b1dd0, counter=3}, lastWriteDate=Sun Oct 27 13:01:17 GMT 2024, lastUpdateTimeNanos=152404318704875}
2024-10-27T13:01:17.481Z  INFO 63900 --- [ngodb.net:27017] org.mongodb.driver.cluster               : Discovered replica set primary cluster-0-shard-00-01.us0mr.mongodb.net:27017 with max election id 7fffffff000000000000016b and max set version 122
2024-10-27T13:01:17.751Z  INFO 63900 --- [    Test worker] o.s.m.s.b.SimpleBrokerMessageHandler     : Starting...
2024-10-27T13:01:17.752Z  INFO 63900 --- [    Test worker] o.s.m.s.b.SimpleBrokerMessageHandler     : BrokerAvailabilityEvent[available=true, SimpleBrokerMessageHandler [org.springframework.messaging.simp.broker.DefaultSubscriptionRegistry@1df06ecd]]
2024-10-27T13:01:17.752Z  INFO 63900 --- [    Test worker] o.s.m.s.b.SimpleBrokerMessageHandler     : Started.
2024-10-27T13:01:17.782Z  INFO 63900 --- [    Test worker] c.p.pingpals.PingpalsApplicationTests    : Started PingpalsApplicationTests in 2.422 seconds (process running for 3.373)
]]></system-out>
  <system-err><![CDATA[]]></system-err>
</testsuite>
